2015-01-17 21:53:26,511 - INFO # Connect to serial port /dev/ttyUSB0
2015-01-17 21:53:27,513 - INFO # 
2015-01-17 21:53:27,515 - INFO # Board: rfduino (nrf51822)
2015-01-17 21:53:27,520 - INFO # Starting nrf51 register mapping riot!
2015-01-17 21:53:27,521 - INFO # 
2015-01-17 21:53:27,521 - INFO # 
2015-01-17 21:53:27,529 - INFO # ==> "Peripherial memory map" 
2015-01-17 21:53:27,529 - INFO # 
2015-01-17 21:53:27,531 - INFO # NRF_POWER_BASE                      : 0x40000000
2015-01-17 21:53:27,532 - INFO # NRF_CLOCK_BASE                      : 0x40000000
2015-01-17 21:53:27,534 - INFO # NRF_MPU_BASE                        : 0x40000000
2015-01-17 21:53:27,535 - INFO # NRF_PU_BASE                         : 0x40000000
2015-01-17 21:53:27,537 - INFO # NRF_AMLI_BASE                       : 0x40000000
2015-01-17 21:53:27,538 - INFO # NRF_RADIO_BASE                      : 0x40001000
2015-01-17 21:53:27,540 - INFO # NRF_UART0_BASE                      : 0x40002000
2015-01-17 21:53:27,541 - INFO # NRF_SPI0_BASE                       : 0x40003000
2015-01-17 21:53:27,543 - INFO # NRF_TWI0_BASE                       : 0x40003000
2015-01-17 21:53:27,544 - INFO # NRF_SPI1_BASE                       : 0x40004000
2015-01-17 21:53:27,545 - INFO # NRF_TWI1_BASE                       : 0x40004000
2015-01-17 21:53:27,547 - INFO # NRF_SPIS1_BASE                      : 0x40004000
2015-01-17 21:53:27,548 - INFO # NRF_GPIOTE_BASE                     : 0x40006000
2015-01-17 21:53:27,548 - INFO # NRF_ADC_BASE                        : 0x40007000
2015-01-17 21:53:27,549 - INFO # NRF_TIMER0_BASE                     : 0x40008000
2015-01-17 21:53:27,549 - INFO # NRF_TIMER1_BASE                     : 0x40009000
2015-01-17 21:53:27,549 - INFO # NRF_TIMER2_BASE                     : 0x4000a000
2015-01-17 21:53:27,550 - INFO # NRF_RTC0_BASE                       : 0x4000b000
2015-01-17 21:53:27,550 - INFO # NRF_TEMP_BASE                       : 0x4000c000
2015-01-17 21:53:27,550 - INFO # NRF_RNG_BASE                        : 0x4000d000
2015-01-17 21:53:27,551 - INFO # NRF_ECB_BASE                        : 0x4000e000
2015-01-17 21:53:27,551 - INFO # NRF_AAR_BASE                        : 0x4000f000
2015-01-17 21:53:27,552 - INFO # NRF_CCM_BASE                        : 0x4000f000
2015-01-17 21:53:27,552 - INFO # NRF_WDT_BASE                        : 0x40010000
2015-01-17 21:53:27,554 - INFO # NRF_RTC1_BASE                       : 0x40011000
2015-01-17 21:53:27,558 - INFO # NRF_QDEC_BASE                       : 0x40012000
2015-01-17 21:53:27,563 - INFO # NRF_LPCOMP_BASE                     : 0x40013000
2015-01-17 21:53:27,568 - INFO # NRF_SWI_BASE                        : 0x40014000
2015-01-17 21:53:27,572 - INFO # NRF_NVMC_BASE                       : 0x4001e000
2015-01-17 21:53:27,577 - INFO # NRF_PPI_BASE                        : 0x4001f000
2015-01-17 21:53:27,582 - INFO # NRF_FICR_BASE                       : 0x10000000
2015-01-17 21:53:27,587 - INFO # NRF_UICR_BASE                       : 0x10001000
2015-01-17 21:53:27,591 - INFO # NRF_GPIO_BASE                       : 0x50000000
2015-01-17 21:53:27,592 - INFO # 
2015-01-17 21:53:27,592 - INFO # 
2015-01-17 21:53:27,595 - INFO # ==> "NRF_POWER - Power control" 
2015-01-17 21:53:27,596 - INFO # 
2015-01-17 21:53:27,598 - INFO # NRF_POWER.INTENSET.POFWARN          : 0
2015-01-17 21:53:27,602 - INFO # NRF_POWER.INTENCLR.POFWARN          : 0
2015-01-17 21:53:27,606 - INFO # NRF_POWER.RESETREAS.RESTPIN         : 1
2015-01-17 21:53:27,610 - INFO # NRF_POWER.RESETREAS.DOG             : 0
2015-01-17 21:53:27,613 - INFO # NRF_POWER.RESETREAS.SREQ            : 1
2015-01-17 21:53:27,617 - INFO # NRF_POWER.RESETREAS.LOCKUP          : 0
2015-01-17 21:53:27,621 - INFO # NRF_POWER.RESETREAS.OFF             : 1
2015-01-17 21:53:27,625 - INFO # NRF_POWER.RESETREAS.LPCOMP          : 0
2015-01-17 21:53:27,628 - INFO # NRF_POWER.RESETREAS.DIF             : 0
2015-01-17 21:53:27,632 - INFO # NRF_POWER.RAMSTATUS.RAMBLOCK0       : 0
2015-01-17 21:53:27,636 - INFO # NRF_POWER.RAMSTATUS.RAMBLOCK1       : 0
2015-01-17 21:53:27,640 - INFO # NRF_POWER.RAMSTATUS.RAMBLOCK2       : 0
2015-01-17 21:53:27,643 - INFO # NRF_POWER.RAMSTATUS.RAMBLOCK3       : 0
2015-01-17 21:53:27,647 - INFO # NRF_POWER.POFCON.POF                : 0
2015-01-17 21:53:27,651 - INFO # NRF_POWER.POFCON.TRESHOLD           : 0
2015-01-17 21:53:27,655 - INFO # NRF_POWER.POFCON.TRESHHOLD          : 0
2015-01-17 21:53:27,659 - INFO # NRF_POWER.GPREGRET                  : 0x00000000
2015-01-17 21:53:27,663 - INFO # NRF_POWER.RAMON.ONRAM0              : 1
2015-01-17 21:53:27,667 - INFO # NRF_POWER.RAMON.ONRAM1              : 1
2015-01-17 21:53:27,670 - INFO # NRF_POWER.RAMON.OFFRAM0             : 0
2015-01-17 21:53:27,674 - INFO # NRF_POWER.RAMON.OFFRAM1             : 0
2015-01-17 21:53:27,678 - INFO # NRF_POWER.RESET.RESET               : 0
2015-01-17 21:53:27,682 - INFO # NRF_POWER.RAMONB.ONRAM2             : 0
2015-01-17 21:53:27,685 - INFO # NRF_POWER.RAMONB.ONRAM3             : 0
2015-01-17 21:53:27,689 - INFO # NRF_POWER.RAMONB.OFFRAM2            : 0
2015-01-17 21:53:27,693 - INFO # NRF_POWER.RAMONB.OFFRAM3            : 0
2015-01-17 21:53:27,697 - INFO # NRF_POWER.DCDCEN.DCDCEN             : 0
2015-01-17 21:53:27,698 - INFO # 
2015-01-17 21:53:27,698 - INFO # 
2015-01-17 21:53:27,700 - INFO # ==> "NRF_CLOCK - Clock control" 
2015-01-17 21:53:27,701 - INFO # 
2015-01-17 21:53:27,704 - INFO # NRF_CLOCK.INTENSET.HFCLKSTARTED     : 0
2015-01-17 21:53:27,708 - INFO # NRF_CLOCK.INTENSET.LFCLKSTARTED     : 0
2015-01-17 21:53:27,711 - INFO # NRF_CLOCK.INTENSET.DONE             : 0
2015-01-17 21:53:27,715 - INFO # NRF_CLOCK.INTENSET.CTTO             : 0
2015-01-17 21:53:27,719 - INFO # NRF_CLOCK.INTENCLR.HFCLKSTARTED     : 0
2015-01-17 21:53:27,723 - INFO # NRF_CLOCK.INTENCLR.LFCLKSTARTED     : 0
2015-01-17 21:53:27,726 - INFO # NRF_CLOCK.INTENCLR.DONE             : 0
2015-01-17 21:53:27,730 - INFO # NRF_CLOCK.INTENCLR.CTTO             : 0
2015-01-17 21:53:27,734 - INFO # NRF_CLOCK.HFCLKRUN.STATUS           : 1
2015-01-17 21:53:27,738 - INFO # NRF_CLOCK.HFCLKSTAT.SRC             : 1
2015-01-17 21:53:27,741 - INFO # NRF_CLOCK.HFCLKSTAT.STATE           : 1
2015-01-17 21:53:27,745 - INFO # NRF_CLOCK.LFCLKRUN.STATUS           : 0
2015-01-17 21:53:27,749 - INFO # NRF_CLOCK.LFCLKSTAT.SRC             : 0
2015-01-17 21:53:27,753 - INFO # NRF_CLOCK.LFCLKSTAT.SRC             : 0
2015-01-17 21:53:27,756 - INFO # NRF_CLOCK.LFCLKSTAT.STATE           : 0
2015-01-17 21:53:27,760 - INFO # NRF_CLOCK.LFCLKSRCCOPY.SRC          : 0
2015-01-17 21:53:27,764 - INFO # NRF_CLOCK.LFCLKSRCCOPY.SRC          : 0
2015-01-17 21:53:27,768 - INFO # NRF_CLOCK.LFCLKSRC.SRC              : 0
2015-01-17 21:53:27,771 - INFO # NRF_CLOCK.LFCLKSRC.SRC              : 0
2015-01-17 21:53:27,776 - INFO # NRF_CLOCK.CTIV                      : 0x00000000
2015-01-17 21:53:27,781 - INFO # NRF_CLOCK.XTALFREQ                  : 0x00000000
2015-01-17 21:53:27,781 - INFO # 
2015-01-17 21:53:27,781 - INFO # 
2015-01-17 21:53:27,784 - INFO # ==> "NRF_TIMER - Timer 0" 
2015-01-17 21:53:27,784 - INFO # 
2015-01-17 21:53:27,787 - INFO # NRF_TIMER0.SHORTS.COMPARE0_CLEAR    : 0
2015-01-17 21:53:27,791 - INFO # NRF_TIMER0.SHORTS.COMPARE1_CLEAR    : 0
2015-01-17 21:53:27,795 - INFO # NRF_TIMER0.SHORTS.COMPARE2_CLEAR    : 0
2015-01-17 21:53:27,799 - INFO # NRF_TIMER0.SHORTS.COMPARE3_CLEAR    : 0
2015-01-17 21:53:27,802 - INFO # NRF_TIMER0.SHORTS.COMPARE0_STOP     : 0
2015-01-17 21:53:27,806 - INFO # NRF_TIMER0.SHORTS.COMPARE1_STOP     : 0
2015-01-17 21:53:27,809 - INFO # NRF_TIMER0.SHORTS.COMPARE2_STOP     : 0
2015-01-17 21:53:27,814 - INFO # NRF_TIMER0.SHORTS.COMPARE3_STOP     : 0
2015-01-17 21:53:27,817 - INFO # NRF_TIMER0.INTENSET.COMPARE0        : 0
2015-01-17 21:53:27,821 - INFO # NRF_TIMER0.INTENSET.COMPARE1        : 0
2015-01-17 21:53:27,825 - INFO # NRF_TIMER0.INTENSET.COMPARE2        : 1
2015-01-17 21:53:27,829 - INFO # NRF_TIMER0.INTENSET.COMPARE3        : 0
2015-01-17 21:53:27,832 - INFO # NRF_TIMER0.INTENCLR.COMPARE0        : 0
2015-01-17 21:53:27,836 - INFO # NRF_TIMER0.INTENCLR.COMPARE1        : 0
2015-01-17 21:53:27,840 - INFO # NRF_TIMER0.INTENCLR.COMPARE2        : 1
2015-01-17 21:53:27,844 - INFO # NRF_TIMER0.INTENCLR.COMPARE3        : 0
2015-01-17 21:53:27,847 - INFO # NRF_TIMER0.MODE.MODE                : 0
2015-01-17 21:53:27,851 - INFO # NRF_TIMER0.BITMODE.BITMODE          : 0
2015-01-17 21:53:27,854 - INFO # NRF_TIMER0.BITMODE.BITMODE          : 0
2015-01-17 21:53:27,859 - INFO # NRF_TIMER0.PRESCALER                : 0x00000004
2015-01-17 21:53:27,860 - INFO # 
2015-01-17 21:53:27,860 - INFO # 
2015-01-17 21:53:27,863 - INFO # ==> "NRF_RTC - Real time counter 0" 
2015-01-17 21:53:27,864 - INFO # 
2015-01-17 21:53:27,866 - INFO # NRF_RTC0.INTENSET.TICK              : 0
2015-01-17 21:53:27,870 - INFO # NRF_RTC0.INTENSET.OVRFLW            : 0
2015-01-17 21:53:27,874 - INFO # NRF_RTC0.INTENSET.COMPARE0          : 0
2015-01-17 21:53:27,878 - INFO # NRF_RTC0.INTENSET.COMPARE1          : 0
2015-01-17 21:53:27,881 - INFO # NRF_RTC0.INTENSET.COMPARE2          : 0
2015-01-17 21:53:27,886 - INFO # NRF_RTC0.INTENSET.COMPARE3          : 0
2015-01-17 21:53:27,890 - INFO # NRF_RTC0.INTENCLR.TICK              : 0
2015-01-17 21:53:27,893 - INFO # NRF_RTC0.INTENCLR.OVRFLW            : 0
2015-01-17 21:53:27,897 - INFO # NRF_RTC0.INTENCLR.COMPARE0          : 0
2015-01-17 21:53:27,901 - INFO # NRF_RTC0.INTENCLR.COMPARE1          : 0
2015-01-17 21:53:27,905 - INFO # NRF_RTC0.INTENCLR.COMPARE2          : 0
2015-01-17 21:53:27,908 - INFO # NRF_RTC0.INTENCLR.COMPARE3          : 0
2015-01-17 21:53:27,912 - INFO # NRF_RTC0.EVTEN.TICK                 : 0
2015-01-17 21:53:27,916 - INFO # NRF_RTC0.EVTEN.OVRFLW               : 0
2015-01-17 21:53:27,920 - INFO # NRF_RTC0.EVTEN.COMPARE0             : 0
2015-01-17 21:53:27,924 - INFO # NRF_RTC0.EVTEN.COMPARE1             : 0
2015-01-17 21:53:27,927 - INFO # NRF_RTC0.EVTEN.COMPARE2             : 0
2015-01-17 21:53:27,931 - INFO # NRF_RTC0.EVTEN.COMPARE3             : 0
2015-01-17 21:53:27,935 - INFO # NRF_RTC0.EVTENSET.TICK              : 0
2015-01-17 21:53:27,939 - INFO # NRF_RTC0.EVTENSET.OVRFLW            : 0
2015-01-17 21:53:27,942 - INFO # NRF_RTC0.EVTENSET.COMPARE0          : 0
2015-01-17 21:53:27,946 - INFO # NRF_RTC0.EVTENSET.COMPARE1          : 0
2015-01-17 21:53:27,950 - INFO # NRF_RTC0.EVTENSET.COMPARE2          : 0
2015-01-17 21:53:27,954 - INFO # NRF_RTC0.EVTENSET.COMPARE3          : 0
2015-01-17 21:53:27,957 - INFO # NRF_RTC0.EVTENCLR.TICK              : 0
2015-01-17 21:53:27,961 - INFO # NRF_RTC0.EVTENCLR.OVRFLW            : 0
2015-01-17 21:53:27,965 - INFO # NRF_RTC0.EVTENCLR.COMPARE0          : 0
2015-01-17 21:53:27,969 - INFO # NRF_RTC0.EVTENCLR.COMPARE1          : 0
2015-01-17 21:53:27,972 - INFO # NRF_RTC0.EVTENCLR.COMPARE2          : 0
2015-01-17 21:53:27,976 - INFO # NRF_RTC0.EVTENCLR.COMPARE3          : 0
2015-01-17 21:53:27,981 - INFO # NRF_RTC0.COUNTER                    : 0x00000000
2015-01-17 21:53:27,985 - INFO # NRF_RTC0.PRESCALER                  : 0x00000000
2015-01-17 21:53:27,985 - INFO # 
2015-01-17 21:53:27,985 - INFO # 
2015-01-17 21:53:27,988 - INFO # ==> "NRF_RTC - Real time counter 1" 
2015-01-17 21:53:27,989 - INFO # 
2015-01-17 21:53:27,993 - INFO # NRF_RTC1.INTENSET.TICK              : 0
2015-01-17 21:53:27,997 - INFO # NRF_RTC1.INTENSET.OVRFLW            : 0
2015-01-17 21:53:28,000 - INFO # NRF_RTC1.INTENSET.COMPARE0          : 0
2015-01-17 21:53:28,004 - INFO # NRF_RTC1.INTENSET.COMPARE1          : 0
2015-01-17 21:53:28,008 - INFO # NRF_RTC1.INTENSET.COMPARE2          : 0
2015-01-17 21:53:28,012 - INFO # NRF_RTC1.INTENSET.COMPARE3          : 0
2015-01-17 21:53:28,015 - INFO # NRF_RTC1.INTENCLR.TICK              : 0
2015-01-17 21:53:28,019 - INFO # NRF_RTC1.INTENCLR.OVRFLW            : 0
2015-01-17 21:53:28,022 - INFO # NRF_RTC1.INTENCLR.COMPARE0          : 0
2015-01-17 21:53:28,026 - INFO # NRF_RTC1.INTENCLR.COMPARE1          : 0
2015-01-17 21:53:28,030 - INFO # NRF_RTC1.INTENCLR.COMPARE2          : 0
2015-01-17 21:53:28,034 - INFO # NRF_RTC1.INTENCLR.COMPARE3          : 0
2015-01-17 21:53:28,038 - INFO # NRF_RTC1.EVTEN.TICK                 : 0
2015-01-17 21:53:28,042 - INFO # NRF_RTC1.EVTEN.OVRFLW               : 0
2015-01-17 21:53:28,045 - INFO # NRF_RTC1.EVTEN.COMPARE0             : 0
2015-01-17 21:53:28,049 - INFO # NRF_RTC1.EVTEN.COMPARE1             : 0
2015-01-17 21:53:28,053 - INFO # NRF_RTC1.EVTEN.COMPARE2             : 0
2015-01-17 21:53:28,057 - INFO # NRF_RTC1.EVTEN.COMPARE3             : 0
2015-01-17 21:53:28,060 - INFO # NRF_RTC1.EVTENSET.TICK              : 0
2015-01-17 21:53:28,064 - INFO # NRF_RTC1.EVTENSET.OVRFLW            : 0
2015-01-17 21:53:28,068 - INFO # NRF_RTC1.EVTENSET.COMPARE0          : 0
2015-01-17 21:53:28,071 - INFO # NRF_RTC1.EVTENSET.COMPARE1          : 0
2015-01-17 21:53:28,075 - INFO # NRF_RTC1.EVTENSET.COMPARE2          : 0
2015-01-17 21:53:28,079 - INFO # NRF_RTC1.EVTENSET.COMPARE3          : 0
2015-01-17 21:53:28,083 - INFO # NRF_RTC1.EVTENCLR.TICK              : 0
2015-01-17 21:53:28,086 - INFO # NRF_RTC1.EVTENCLR.OVRFLW            : 0
2015-01-17 21:53:28,090 - INFO # NRF_RTC1.EVTENCLR.COMPARE0          : 0
2015-01-17 21:53:28,094 - INFO # NRF_RTC1.EVTENCLR.COMPARE1          : 0
2015-01-17 21:53:28,098 - INFO # NRF_RTC1.EVTENCLR.COMPARE2          : 0
2015-01-17 21:53:28,101 - INFO # NRF_RTC1.EVTENCLR.COMPARE3          : 0
2015-01-17 21:53:28,106 - INFO # NRF_RTC1.COUNTER                    : 0x00000000
2015-01-17 21:53:28,111 - INFO # NRF_RTC1.PRESCALER                  : 0x00000000
2015-01-17 21:53:28,111 - INFO # 
2015-01-17 21:53:28,111 - INFO # 
2015-01-17 21:53:28,114 - INFO # ==> "NRF_WDT - Watchdog timer" 
2015-01-17 21:53:28,114 - INFO # 
2015-01-17 21:53:28,118 - INFO # NRF_WDT.INTENSET.TINEOUT            : 0
2015-01-17 21:53:28,121 - INFO # NRF_WDT.INTENCLR.TIMEOUT            : 0
2015-01-17 21:53:28,125 - INFO # NRF_WDT.RUNSTATUS.RUNSTATUS         : 0
2015-01-17 21:53:28,129 - INFO # NRF_WDT.REQSTATUS.RR0               : 1
2015-01-17 21:53:28,133 - INFO # NRF_WDT.REQSTATUS.RR1               : 0
2015-01-17 21:53:28,137 - INFO # NRF_WDT.REQSTATUS.RR2               : 0
2015-01-17 21:53:28,140 - INFO # NRF_WDT.REQSTATUS.RR3               : 0
2015-01-17 21:53:28,144 - INFO # NRF_WDT.REQSTATUS.RR4               : 0
2015-01-17 21:53:28,148 - INFO # NRF_WDT.REQSTATUS.RR5               : 0
2015-01-17 21:53:28,152 - INFO # NRF_WDT.REQSTATUS.RR6               : 0
2015-01-17 21:53:28,155 - INFO # NRF_WDT.REQSTATUS.RR7               : 0
2015-01-17 21:53:28,160 - INFO # NRF_WDT.CRV                         : 0x00000000
2015-01-17 21:53:28,164 - INFO # NRF_WDT.RREN.RR0                    : 1
2015-01-17 21:53:28,167 - INFO # NRF_WDT.RREN.RR1                    : 0
2015-01-17 21:53:28,171 - INFO # NRF_WDT.RREN.RR2                    : 0
2015-01-17 21:53:28,175 - INFO # NRF_WDT.RREN.RR3                    : 0
2015-01-17 21:53:28,179 - INFO # NRF_WDT.RREN.RR4                    : 0
2015-01-17 21:53:28,183 - INFO # NRF_WDT.RREN.RR5                    : 0
2015-01-17 21:53:28,186 - INFO # NRF_WDT.RREN.RR6                    : 0
2015-01-17 21:53:28,190 - INFO # NRF_WDT.RREN.RR7                    : 0
2015-01-17 21:53:28,194 - INFO # NRF_WDT.CONFIG.SLEEP                : 0
2015-01-17 21:53:28,198 - INFO # NRF_WDT.CONFIG.HALT                 : 0
2015-01-17 21:53:28,198 - INFO # 
2015-01-17 21:53:28,199 - INFO # 
2015-01-17 21:53:28,202 - INFO # ==> "NRF_RNG - Random number generator" 
2015-01-17 21:53:28,202 - INFO # 
2015-01-17 21:53:28,205 - INFO # NRF_RNG.SHORTS.VALRDY_STOP          : 0
2015-01-17 21:53:28,209 - INFO # NRF_RNG.INTENSET.VALRDY             : 0
2015-01-17 21:53:28,213 - INFO # NRF_RNG.INTENCLR.VALRDY             : 0
2015-01-17 21:53:28,217 - INFO # NRF_RNG.CONFIG.DERCEN               : 0
2015-01-17 21:53:28,221 - INFO # NRF_RNG.VALUE                       : 0x00000000
2015-01-17 21:53:28,221 - INFO # 
2015-01-17 21:53:28,222 - INFO # 
2015-01-17 21:53:28,225 - INFO # ==> "NRF_TEMP - Temperature sensor" 
2015-01-17 21:53:28,225 - INFO # 
2015-01-17 21:53:28,229 - INFO # NRF_TEMP.INTENSET.DATARDY           : 0
2015-01-17 21:53:28,233 - INFO # NRF_TEMP.INTENCLR.DATARDY           : 0
2015-01-17 21:53:28,237 - INFO # NRF_TEMP.TEMP                       : 0x00000000
2015-01-17 21:53:28,237 - INFO # 
2015-01-17 21:53:28,237 - INFO # 
2015-01-17 21:53:28,242 - INFO # ==> "NRF_AAR - Accelerated address resolver" 
2015-01-17 21:53:28,242 - INFO # 
2015-01-17 21:53:28,246 - INFO # NRF_AAR.INTENSET.END                : 0
2015-01-17 21:53:28,249 - INFO # NRF_AAR.INTENSET.RESOLVED           : 0
2015-01-17 21:53:28,253 - INFO # NRF_AAR.INTENSET.NOTRESOLVED        : 0
2015-01-17 21:53:28,257 - INFO # NRF_AAR.INTENCLR.END                : 0
2015-01-17 21:53:28,261 - INFO # NRF_AAR.INTENCLR.RESOLVED           : 0
2015-01-17 21:53:28,264 - INFO # NRF_AAR.INTENCLR.NOTRESOLVED        : 0
2015-01-17 21:53:28,269 - INFO # NRF_AAR.STATUS                      : 0x00000000
2015-01-17 21:53:28,273 - INFO # NRF_AAR.ENABLE.ENABLE               : 0
2015-01-17 21:53:28,276 - INFO # NRF_AAR.ENABLE.ENABLE               : 0
2015-01-17 21:53:28,281 - INFO # NRF_AAR.NIRK                        : 0x00000001
2015-01-17 21:53:28,286 - INFO # NRF_AAR.IRKPTR                      : 0x00000000
2015-01-17 21:53:28,290 - INFO # NRF_AAR.ADDRPTR                     : 0x00000000
2015-01-17 21:53:28,295 - INFO # NRF_AAR.SCRATCHPTR                  : 0x00000000
2015-01-17 21:53:28,295 - INFO # 
2015-01-17 21:53:28,295 - INFO # 
2015-01-17 21:53:28,299 - INFO # ==> "NRF_ADC - Analog to digital converter" 
2015-01-17 21:53:28,299 - INFO # 
2015-01-17 21:53:28,303 - INFO # NRF_ADC.INTENSET.END                : 0
2015-01-17 21:53:28,307 - INFO # NRF_ADC.INTENCLR.END                : 0
2015-01-17 21:53:28,311 - INFO # NRF_ADC.BUSY.BUSY                   : 0
2015-01-17 21:53:28,314 - INFO # NRF_ADC.ENABLE.ENABLE               : 0
2015-01-17 21:53:28,318 - INFO # NRF_ADC.ENABLE.ENABLE               : 0
2015-01-17 21:53:28,322 - INFO # NRF_ADC.CONFIG.RES                  : 0
2015-01-17 21:53:28,326 - INFO # NRF_ADC.CONFIG.RES                  : 0
2015-01-17 21:53:28,329 - INFO # NRF_ADC.CONFIG.INPSEL               : 0
2015-01-17 21:53:28,333 - INFO # NRF_ADC.CONFIG.INPSEL               : 1
2015-01-17 21:53:28,337 - INFO # NRF_ADC.CONFIG.INPSEL               : 1
2015-01-17 21:53:28,341 - INFO # NRF_ADC.CONFIG.REFSEL               : 0
2015-01-17 21:53:28,344 - INFO # NRF_ADC.CONFIG.REFSEL               : 0
2015-01-17 21:53:28,348 - INFO # NRF_ADC.CONFIG.PSEL                 : 0
2015-01-17 21:53:28,352 - INFO # NRF_ADC.CONFIG.PSEL                 : 0
2015-01-17 21:53:28,356 - INFO # NRF_ADC.CONFIG.PSEL                 : 0
2015-01-17 21:53:28,359 - INFO # NRF_ADC.CONFIG.PSEL                 : 0
2015-01-17 21:53:28,363 - INFO # NRF_ADC.CONFIG.PSEL                 : 0
2015-01-17 21:53:28,367 - INFO # NRF_ADC.CONFIG.PSEL                 : 0
2015-01-17 21:53:28,371 - INFO # NRF_ADC.CONFIG.PSEL                 : 0
2015-01-17 21:53:28,374 - INFO # NRF_ADC.CONFIG.PSEL                 : 0
2015-01-17 21:53:28,378 - INFO # NRF_ADC.CONFIG.EXTREFSEL            : 0
2015-01-17 21:53:28,382 - INFO # NRF_ADC.CONFIG.EXTREFSEL            : 0
2015-01-17 21:53:28,387 - INFO # NRF_ADC.RESULT                      : 0x00000000
2015-01-17 21:53:28,387 - INFO # 
2015-01-17 21:53:28,387 - INFO # 
2015-01-17 21:53:28,392 - INFO # ==> "NRF_FICR - Factory information configuration" 
2015-01-17 21:53:28,392 - INFO # 
2015-01-17 21:53:28,396 - INFO # NRF_FICR.CODEPAGESIZE               : 0x00000400
2015-01-17 21:53:28,401 - INFO # NRF_FICR.CODESIZE                   : 0x00000100
2015-01-17 21:53:28,406 - INFO # NRF_FICR.CLENR0                     : 0xffffffff
2015-01-17 21:53:28,410 - INFO # NRF_FICR.PPFC                       : 0xffffffff
2015-01-17 21:53:28,415 - INFO # NRF_FICR.NUMRAMBLOCK                : 0x00000002
2015-01-17 21:53:28,420 - INFO # NRF_FICR.SIZERAMBLOCKS              : 0x00002000
2015-01-17 21:53:28,424 - INFO # NRF_FICR.CONFIGID                   : 0xffff001d
2015-01-17 21:53:28,428 - INFO # NRF_FICR.DEVICEADDRTYPE.DEVICEADDRTYPE: 1
2015-01-17 21:53:28,432 - INFO # NRF_FICR.OVERRIDEEN.NRF_1MBIT       : 1
2015-01-17 21:53:28,436 - INFO # NRF_FICR.OVERRIDEEN.BLE_1MBIT       : 1
2015-01-17 21:53:28,436 - INFO # 
2015-01-17 21:53:28,436 - INFO # 
2015-01-17 21:53:28,440 - INFO # ==> "NRF_UICR - User information configuration" 
2015-01-17 21:53:28,440 - INFO # 
2015-01-17 21:53:28,445 - INFO # NRF_UICR.CLENR0                     : 0xffffffff
2015-01-17 21:53:28,450 - INFO # NRF_UICR.RBPCONF                    : 0xffffffff
2015-01-17 21:53:28,455 - INFO # NRF_UICR.XTALFREQ                   : 0xffffffff
2015-01-17 21:53:28,459 - INFO # NRF_UICR.FWID                       : 0xffffffff
2015-01-17 21:53:28,464 - INFO # NRF_UICR.BOOTLOADERADDR             : 0xffffffff
2015-01-17 21:53:28,464 - INFO # 
2015-01-17 21:53:28,465 - INFO # 
2015-01-17 21:53:28,469 - INFO # ==> "NRF_NVMC - Non volatile memory controller" 
2015-01-17 21:53:28,469 - INFO # 
2015-01-17 21:53:28,473 - INFO # NRF_NVMC.READY                      : 0x00000001
2015-01-17 21:53:28,478 - INFO # NRF_NVMC.CONFIG                     : 0x00000000
2015-01-17 21:53:28,483 - INFO # NRF_NVMC.ERASEPAGE                  : 0x00000000
2015-01-17 21:53:28,483 - INFO # 
2015-01-17 21:53:28,483 - INFO # 
2015-01-17 21:53:28,487 - INFO # ==> "NRF_MPU - Memory protection unit" 
2015-01-17 21:53:28,487 - INFO # 
2015-01-17 21:53:28,491 - INFO # NRF_MPU.PERR0                       : 0x00000000
2015-01-17 21:53:28,496 - INFO # NRF_MPU.RLENR0                      : 0x00000000
2015-01-17 21:53:28,500 - INFO # NRF_MPU.PROTENSET0                  : 0x00000000
2015-01-17 21:53:28,505 - INFO # NRF_MPU.PROTENSET1                  : 0x00000000
2015-01-17 21:53:28,510 - INFO # NRF_MPU.DISABLEINDEBUG              : 0x00000000
2015-01-17 21:53:28,514 - INFO # NRF_MPU.PROTBLOCKSIZE               : 0x00000000
2015-01-17 21:53:28,519 - INFO # NRF_MPU.ENRBDREG                    : 0x00000000
/exit
2015-01-17 21:53:30,782 - INFO # Exiting Pyterm
Welcome to pyterm!
